<?xml version='1.0' encoding='UTF-8'?>
<testsuite hostname="knoldus-Vostro-3546" name="TicTacToeSpec" tests="3" errors="0" failures="2" skipped="0" time="3.045">
                     <properties>
[...]
</properties>
                     <testcase classname="TicTacToeSpec" name="An Game actor should be able to change and return the state of tic tac toe game" time="0.034">
                                                 
                                               </testcase><testcase classname="TicTacToeSpec" name="An Game actor should be able to send Tic Tac Toe Map and a GameOver when a condition is met" time="3.009">
                                                 <failure message="assertion failed: timeout (3 seconds) while expecting 4 messages (got 2)" type="java.lang.AssertionError">java.lang.AssertionError: assertion failed: timeout (3 seconds) while expecting 4 messages (got 2)
	at scala.Predef$.assert(Predef.scala:219)
	at akka.testkit.TestKitBase.$anonfun$receiveN_internal$1(TestKit.scala:766)
	at akka.testkit.TestKitBase.$anonfun$receiveN_internal$1$adapted(TestKit.scala:763)
	at scala.collection.TraversableLike.$anonfun$map$1(TraversableLike.scala:234)
	at scala.collection.immutable.Range.foreach(Range.scala:156)
	at scala.collection.TraversableLike.map(TraversableLike.scala:234)
	at scala.collection.TraversableLike.map$(TraversableLike.scala:227)
	at scala.collection.AbstractTraversable.map(Traversable.scala:104)
	at akka.testkit.TestKitBase.receiveN_internal(TestKit.scala:763)
	at akka.testkit.TestKitBase.internalExpectMsgAllClassOf(TestKit.scala:608)
	at akka.testkit.TestKitBase.expectMsgAllClassOf(TestKit.scala:595)
	at akka.testkit.TestKitBase.expectMsgAllClassOf$(TestKit.scala:595)
	at akka.testkit.TestKit.expectMsgAllClassOf(TestKit.scala:896)
	at TicTacToeSpec.$anonfun$new$3(TicTacToeSpec.scala:25)
	at org.scalatest.OutcomeOf.outcomeOf(OutcomeOf.scala:85)
	at org.scalatest.OutcomeOf.outcomeOf$(OutcomeOf.scala:83)
	at org.scalatest.OutcomeOf$.outcomeOf(OutcomeOf.scala:104)
	at org.scalatest.Transformer.apply(Transformer.scala:22)
	at org.scalatest.Transformer.apply(Transformer.scala:20)
	at org.scalatest.WordSpecLike$$anon$1.apply(WordSpecLike.scala:1078)
	at org.scalatest.TestSuite.withFixture(TestSuite.scala:196)
	at org.scalatest.TestSuite.withFixture$(TestSuite.scala:195)
	at TicTacToeSpec.withFixture(TicTacToeSpec.scala:6)
	at org.scalatest.WordSpecLike.invokeWithFixture$1(WordSpecLike.scala:1076)
	at org.scalatest.WordSpecLike.$anonfun$runTest$1(WordSpecLike.scala:1088)
	at org.scalatest.SuperEngine.runTestImpl(Engine.scala:289)
	at org.scalatest.WordSpecLike.runTest(WordSpecLike.scala:1088)
	at org.scalatest.WordSpecLike.runTest$(WordSpecLike.scala:1070)
	at TicTacToeSpec.runTest(TicTacToeSpec.scala:6)
	at org.scalatest.WordSpecLike.$anonfun$runTests$1(WordSpecLike.scala:1147)
	at org.scalatest.SuperEngine.$anonfun$runTestsInBranch$1(Engine.scala:396)
	at scala.collection.immutable.List.foreach(List.scala:389)
	at org.scalatest.SuperEngine.traverseSubNodes$1(Engine.scala:384)
	at org.scalatest.SuperEngine.runTestsInBranch(Engine.scala:373)
	at org.scalatest.SuperEngine.$anonfun$runTestsInBranch$1(Engine.scala:410)
	at scala.collection.immutable.List.foreach(List.scala:389)
	at org.scalatest.SuperEngine.traverseSubNodes$1(Engine.scala:384)
	at org.scalatest.SuperEngine.runTestsInBranch(Engine.scala:379)
	at org.scalatest.SuperEngine.runTestsImpl(Engine.scala:461)
	at org.scalatest.WordSpecLike.runTests(WordSpecLike.scala:1147)
	at org.scalatest.WordSpecLike.runTests$(WordSpecLike.scala:1146)
	at TicTacToeSpec.runTests(TicTacToeSpec.scala:6)
	at org.scalatest.Suite.run(Suite.scala:1147)
	at org.scalatest.Suite.run$(Suite.scala:1129)
	at TicTacToeSpec.org$scalatest$WordSpecLike$$super$run(TicTacToeSpec.scala:6)
	at org.scalatest.WordSpecLike.$anonfun$run$1(WordSpecLike.scala:1192)
	at org.scalatest.SuperEngine.runImpl(Engine.scala:521)
	at org.scalatest.WordSpecLike.run(WordSpecLike.scala:1192)
	at org.scalatest.WordSpecLike.run$(WordSpecLike.scala:1190)
	at TicTacToeSpec.org$scalatest$BeforeAndAfterAll$$super$run(TicTacToeSpec.scala:6)
	at org.scalatest.BeforeAndAfterAll.liftedTree1$1(BeforeAndAfterAll.scala:213)
	at org.scalatest.BeforeAndAfterAll.run(BeforeAndAfterAll.scala:210)
	at org.scalatest.BeforeAndAfterAll.run$(BeforeAndAfterAll.scala:208)
	at TicTacToeSpec.run(TicTacToeSpec.scala:6)
	at org.scalatest.tools.Framework.org$scalatest$tools$Framework$$runSuite(Framework.scala:314)
	at org.scalatest.tools.Framework$ScalaTestTask.execute(Framework.scala:507)
	at sbt.TestRunner.runTest$1(TestFramework.scala:76)
	at sbt.TestRunner.run(TestFramework.scala:85)
	at sbt.TestFramework$$anon$2$$anonfun$$init$$1$$anonfun$apply$8.apply(TestFramework.scala:202)
	at sbt.TestFramework$$anon$2$$anonfun$$init$$1$$anonfun$apply$8.apply(TestFramework.scala:202)
	at sbt.TestFramework$.sbt$TestFramework$$withContextLoader(TestFramework.scala:185)
	at sbt.TestFramework$$anon$2$$anonfun$$init$$1.apply(TestFramework.scala:202)
	at sbt.TestFramework$$anon$2$$anonfun$$init$$1.apply(TestFramework.scala:202)
	at sbt.TestFunction.apply(TestFramework.scala:207)
	at sbt.Tests$$anonfun$9.apply(Tests.scala:216)
	at sbt.Tests$$anonfun$9.apply(Tests.scala:216)
	at sbt.std.Transform$$anon$3$$anonfun$apply$2.apply(System.scala:44)
	at sbt.std.Transform$$anon$3$$anonfun$apply$2.apply(System.scala:44)
	at sbt.std.Transform$$anon$4.work(System.scala:63)
	at sbt.Execute$$anonfun$submit$1$$anonfun$apply$1.apply(Execute.scala:228)
	at sbt.Execute$$anonfun$submit$1$$anonfun$apply$1.apply(Execute.scala:228)
	at sbt.ErrorHandling$.wideConvert(ErrorHandling.scala:17)
	at sbt.Execute.work(Execute.scala:237)
	at sbt.Execute$$anonfun$submit$1.apply(Execute.scala:228)
	at sbt.Execute$$anonfun$submit$1.apply(Execute.scala:228)
	at sbt.ConcurrentRestrictions$$anon$4$$anonfun$1.apply(ConcurrentRestrictions.scala:159)
	at sbt.CompletionService$$anon$2.call(CompletionService.scala:28)
	at java.util.concurrent.FutureTask.run(FutureTask.java:266)
	at java.util.concurrent.Executors$RunnableAdapter.call(Executors.java:511)
	at java.util.concurrent.FutureTask.run(FutureTask.java:266)
	at java.util.concurrent.ThreadPoolExecutor.runWorker(ThreadPoolExecutor.java:1149)
	at java.util.concurrent.ThreadPoolExecutor$Worker.run(ThreadPoolExecutor.java:624)
	at java.lang.Thread.run(Thread.java:748)
</failure>
                                               </testcase><testcase classname="TicTacToeSpec" name="An Game actor should be able to send PlaceAlreadyFilled Message when a PlayStep is sent on a non empty step" time="0.002">
                                                 <failure message="assertion failed: not found [class ttt.entites.TicTacToeMap, class ttt.entites.PlaceAlreadyFilled] found non-matching object(s) [PlaceAlreadyFilled, PlaceAlreadyFilled]" type="java.lang.AssertionError">java.lang.AssertionError: assertion failed: not found [class ttt.entites.TicTacToeMap, class ttt.entites.PlaceAlreadyFilled] found non-matching object(s) [PlaceAlreadyFilled, PlaceAlreadyFilled]
	at scala.Predef$.assert(Predef.scala:219)
	at akka.testkit.TestKitBase.checkMissingAndUnexpected(TestKit.scala:580)
	at akka.testkit.TestKitBase.internalExpectMsgAllClassOf(TestKit.scala:611)
	at akka.testkit.TestKitBase.expectMsgAllClassOf(TestKit.scala:595)
	at akka.testkit.TestKitBase.expectMsgAllClassOf$(TestKit.scala:595)
	at akka.testkit.TestKit.expectMsgAllClassOf(TestKit.scala:896)
	at TicTacToeSpec.$anonfun$new$4(TicTacToeSpec.scala:32)
	at org.scalatest.OutcomeOf.outcomeOf(OutcomeOf.scala:85)
	at org.scalatest.OutcomeOf.outcomeOf$(OutcomeOf.scala:83)
	at org.scalatest.OutcomeOf$.outcomeOf(OutcomeOf.scala:104)
	at org.scalatest.Transformer.apply(Transformer.scala:22)
	at org.scalatest.Transformer.apply(Transformer.scala:20)
	at org.scalatest.WordSpecLike$$anon$1.apply(WordSpecLike.scala:1078)
	at org.scalatest.TestSuite.withFixture(TestSuite.scala:196)
	at org.scalatest.TestSuite.withFixture$(TestSuite.scala:195)
	at TicTacToeSpec.withFixture(TicTacToeSpec.scala:6)
	at org.scalatest.WordSpecLike.invokeWithFixture$1(WordSpecLike.scala:1076)
	at org.scalatest.WordSpecLike.$anonfun$runTest$1(WordSpecLike.scala:1088)
	at org.scalatest.SuperEngine.runTestImpl(Engine.scala:289)
	at org.scalatest.WordSpecLike.runTest(WordSpecLike.scala:1088)
	at org.scalatest.WordSpecLike.runTest$(WordSpecLike.scala:1070)
	at TicTacToeSpec.runTest(TicTacToeSpec.scala:6)
	at org.scalatest.WordSpecLike.$anonfun$runTests$1(WordSpecLike.scala:1147)
	at org.scalatest.SuperEngine.$anonfun$runTestsInBranch$1(Engine.scala:396)
	at scala.collection.immutable.List.foreach(List.scala:389)
	at org.scalatest.SuperEngine.traverseSubNodes$1(Engine.scala:384)
	at org.scalatest.SuperEngine.runTestsInBranch(Engine.scala:373)
	at org.scalatest.SuperEngine.$anonfun$runTestsInBranch$1(Engine.scala:410)
	at scala.collection.immutable.List.foreach(List.scala:389)
	at org.scalatest.SuperEngine.traverseSubNodes$1(Engine.scala:384)
	at org.scalatest.SuperEngine.runTestsInBranch(Engine.scala:379)
	at org.scalatest.SuperEngine.runTestsImpl(Engine.scala:461)
	at org.scalatest.WordSpecLike.runTests(WordSpecLike.scala:1147)
	at org.scalatest.WordSpecLike.runTests$(WordSpecLike.scala:1146)
	at TicTacToeSpec.runTests(TicTacToeSpec.scala:6)
	at org.scalatest.Suite.run(Suite.scala:1147)
	at org.scalatest.Suite.run$(Suite.scala:1129)
	at TicTacToeSpec.org$scalatest$WordSpecLike$$super$run(TicTacToeSpec.scala:6)
	at org.scalatest.WordSpecLike.$anonfun$run$1(WordSpecLike.scala:1192)
	at org.scalatest.SuperEngine.runImpl(Engine.scala:521)
	at org.scalatest.WordSpecLike.run(WordSpecLike.scala:1192)
	at org.scalatest.WordSpecLike.run$(WordSpecLike.scala:1190)
	at TicTacToeSpec.org$scalatest$BeforeAndAfterAll$$super$run(TicTacToeSpec.scala:6)
	at org.scalatest.BeforeAndAfterAll.liftedTree1$1(BeforeAndAfterAll.scala:213)
	at org.scalatest.BeforeAndAfterAll.run(BeforeAndAfterAll.scala:210)
	at org.scalatest.BeforeAndAfterAll.run$(BeforeAndAfterAll.scala:208)
	at TicTacToeSpec.run(TicTacToeSpec.scala:6)
	at org.scalatest.tools.Framework.org$scalatest$tools$Framework$$runSuite(Framework.scala:314)
	at org.scalatest.tools.Framework$ScalaTestTask.execute(Framework.scala:507)
	at sbt.TestRunner.runTest$1(TestFramework.scala:76)
	at sbt.TestRunner.run(TestFramework.scala:85)
	at sbt.TestFramework$$anon$2$$anonfun$$init$$1$$anonfun$apply$8.apply(TestFramework.scala:202)
	at sbt.TestFramework$$anon$2$$anonfun$$init$$1$$anonfun$apply$8.apply(TestFramework.scala:202)
	at sbt.TestFramework$.sbt$TestFramework$$withContextLoader(TestFramework.scala:185)
	at sbt.TestFramework$$anon$2$$anonfun$$init$$1.apply(TestFramework.scala:202)
	at sbt.TestFramework$$anon$2$$anonfun$$init$$1.apply(TestFramework.scala:202)
	at sbt.TestFunction.apply(TestFramework.scala:207)
	at sbt.Tests$$anonfun$9.apply(Tests.scala:216)
	at sbt.Tests$$anonfun$9.apply(Tests.scala:216)
	at sbt.std.Transform$$anon$3$$anonfun$apply$2.apply(System.scala:44)
	at sbt.std.Transform$$anon$3$$anonfun$apply$2.apply(System.scala:44)
	at sbt.std.Transform$$anon$4.work(System.scala:63)
	at sbt.Execute$$anonfun$submit$1$$anonfun$apply$1.apply(Execute.scala:228)
	at sbt.Execute$$anonfun$submit$1$$anonfun$apply$1.apply(Execute.scala:228)
	at sbt.ErrorHandling$.wideConvert(ErrorHandling.scala:17)
	at sbt.Execute.work(Execute.scala:237)
	at sbt.Execute$$anonfun$submit$1.apply(Execute.scala:228)
	at sbt.Execute$$anonfun$submit$1.apply(Execute.scala:228)
	at sbt.ConcurrentRestrictions$$anon$4$$anonfun$1.apply(ConcurrentRestrictions.scala:159)
	at sbt.CompletionService$$anon$2.call(CompletionService.scala:28)
	at java.util.concurrent.FutureTask.run(FutureTask.java:266)
	at java.util.concurrent.Executors$RunnableAdapter.call(Executors.java:511)
	at java.util.concurrent.FutureTask.run(FutureTask.java:266)
	at java.util.concurrent.ThreadPoolExecutor.runWorker(ThreadPoolExecutor.java:1149)
	at java.util.concurrent.ThreadPoolExecutor$Worker.run(ThreadPoolExecutor.java:624)
	at java.lang.Thread.run(Thread.java:748)
</failure>
                                               </testcase>
                     <system-out></system-out>
                     <system-err></system-err>
                   </testsuite>